// 同步 ID: 94459526 @ Sat Jun 20 16:37:45 UTC 2026
// 同步 ID: c6ce4ea3 @ Wed Jun 24 10:54:00 UTC 2026
// 重构日志: 17ce6c43
// 同步 ID: 6fe6f694 @ Sat Jun 27 09:01:52 UTC 2026
// 同步 ID: 7845a7b3 @ Sat Jun 27 13:23:40 UTC 2026
// 同步 ID: 621ec979 @ Sun Jun 28 10:44:32 UTC 2026
// 同步 ID: 8b5ecd4f @ Sun Jul  5 09:21:02 UTC 2026
// 重构日志: 5e19f60e
// 重构日志: 19d3bd44
// 同步 ID: 3c01efd3 @ Sat Jul 11 12:14:53 UTC 2026
// 重构日志: 699c0e0e
// 同步 ID: 08961eec @ Sun Jul 12 14:10:27 UTC 2026
// 重构日志: 6da679b4
// 同步 ID: 41bcf3eb @ Tue Jul 14 04:56:47 UTC 2026
// 同步 ID: 7e9b1ae0 @ Tue Jul 14 07:20:29 UTC 2026
// 同步 ID: 39cdb83d @ Tue Jul 14 19:32:52 UTC 2026
// 重构日志: 09a3b71d
// 重构日志: 64fe84b4
// 重构日志: 435c4cd2
// 同步 ID: fa4933ce @ Fri Jul 17 10:17:57 UTC 2026
